<?xml version="1.0" encoding="UTF-8"?>
<!-- Generated by org.testng.reporters.JUnitReportReporter -->
<testsuite hostname="Arish" failures="0" tests="1" name="test.RegisterPageTest" time="9.545" errors="0" timestamp="2024-06-14T07:00:22 BST" skipped="0">
  <testcase classname="test.RegisterPageTest" name="VerifyUserRegister" time="9.545"/>
</testsuite> <!-- test.RegisterPageTest -->
